Determining if the pthread_create exist failed with the following output:
Change Dir: /home/sgengine/Documents/Linux Net Study/one_thread_consum_all_signal/cmake-build-debug/CMakeFiles/CMakeTmp

Run Build Command:"/usr/bin/make" "cmTC_a738c/fast"
make[1]: 进入目录“/home/sgengine/Documents/Linux Net Study/one_thread_consum_all_signal/cmake-build-debug/CMakeFiles/CMakeTmp”
/usr/bin/make -f CMakeFiles/cmTC_a738c.dir/build.make CMakeFiles/cmTC_a738c.dir/build
make[2]: 进入目录“/home/sgengine/Documents/Linux Net Study/one_thread_consum_all_signal/cmake-build-debug/CMakeFiles/CMakeTmp”
Building C object CMakeFiles/cmTC_a738c.dir/CheckSymbolExists.c.o
/usr/bin/cc    -o CMakeFiles/cmTC_a738c.dir/CheckSymbolExists.c.o   -c "/home/sgengine/Documents/Linux Net Study/one_thread_consum_all_signal/cmake-build-debug/CMakeFiles/CMakeTmp/CheckSymbolExists.c"
Linking C executable cmTC_a738c
/home/sgengine/Downloads/clion-2018.2.4/bin/cmake/linux/bin/cmake -E cmake_link_script CMakeFiles/cmTC_a738c.dir/link.txt --verbose=1
/usr/bin/cc      CMakeFiles/cmTC_a738c.dir/CheckSymbolExists.c.o  -o cmTC_a738c 
CMakeFiles/cmTC_a738c.dir/CheckSymbolExists.c.o：在函数‘main’中：
CheckSymbolExists.c:(.text+0x1b)：对‘pthread_create’未定义的引用
collect2: error: ld returned 1 exit status
make[2]: *** [CMakeFiles/cmTC_a738c.dir/build.make:87：cmTC_a738c] 错误 1
make[2]: 离开目录“/home/sgengine/Documents/Linux Net Study/one_thread_consum_all_signal/cmake-build-debug/CMakeFiles/CMakeTmp”
make[1]: *** [Makefile:121：cmTC_a738c/fast] 错误 2
make[1]: 离开目录“/home/sgengine/Documents/Linux Net Study/one_thread_consum_all_signal/cmake-build-debug/CMakeFiles/CMakeTmp”

File /home/sgengine/Documents/Linux Net Study/one_thread_consum_all_signal/cmake-build-debug/CMakeFiles/CMakeTmp/CheckSymbolExists.c:
/* */
#include <pthread.h>

int main(int argc, char** argv)
{
  (void)argv;
#ifndef pthread_create
  return ((int*)(&pthread_create))[argc];
#else
  (void)argc;
  return 0;
#endif
}

Determining if the function pthread_create exists in the pthreads failed with the following output:
Change Dir: /home/sgengine/Documents/Linux Net Study/one_thread_consum_all_signal/cmake-build-debug/CMakeFiles/CMakeTmp

Run Build Command:"/usr/bin/make" "cmTC_cf933/fast"
make[1]: 进入目录“/home/sgengine/Documents/Linux Net Study/one_thread_consum_all_signal/cmake-build-debug/CMakeFiles/CMakeTmp”
/usr/bin/make -f CMakeFiles/cmTC_cf933.dir/build.make CMakeFiles/cmTC_cf933.dir/build
make[2]: 进入目录“/home/sgengine/Documents/Linux Net Study/one_thread_consum_all_signal/cmake-build-debug/CMakeFiles/CMakeTmp”
Building C object CMakeFiles/cmTC_cf933.dir/CheckFunctionExists.c.o
/usr/bin/cc   -DCHECK_FUNCTION_EXISTS=pthread_create   -o CMakeFiles/cmTC_cf933.dir/CheckFunctionExists.c.o   -c /home/sgengine/Downloads/clion-2018.2.4/bin/cmake/linux/share/cmake-3.12/Modules/CheckFunctionExists.c
Linking C executable cmTC_cf933
/home/sgengine/Downloads/clion-2018.2.4/bin/cmake/linux/bin/cmake -E cmake_link_script CMakeFiles/cmTC_cf933.dir/link.txt --verbose=1
/usr/bin/cc  -DCHECK_FUNCTION_EXISTS=pthread_create    CMakeFiles/cmTC_cf933.dir/CheckFunctionExists.c.o  -o cmTC_cf933 -lpthreads 
/usr/bin/ld: 找不到 -lpthreads
collect2: error: ld returned 1 exit status
make[2]: *** [CMakeFiles/cmTC_cf933.dir/build.make:87：cmTC_cf933] 错误 1
make[2]: 离开目录“/home/sgengine/Documents/Linux Net Study/one_thread_consum_all_signal/cmake-build-debug/CMakeFiles/CMakeTmp”
make[1]: *** [Makefile:121：cmTC_cf933/fast] 错误 2
make[1]: 离开目录“/home/sgengine/Documents/Linux Net Study/one_thread_consum_all_signal/cmake-build-debug/CMakeFiles/CMakeTmp”


